d:\vs2022\auto_tetris\release\auto_tetris.pch
d:\vs2022\auto_tetris\release\vc143.pdb
d:\vs2022\auto_tetris\release\stdafx.obj
d:\vs2022\auto_tetris\release\tetris.obj
d:\vs2022\auto_tetris\release\rectposition.obj
d:\vs2022\auto_tetris\release\gridposition.obj
d:\vs2022\auto_tetris\release\grid.obj
d:\vs2022\auto_tetris\release\autotetris.obj
d:\vs2022\release\auto_tetris.exe
d:\vs2022\release\auto_tetris.pdb
d:\vs2022\auto_tetris\release\autotetris.res
d:\vs2022\auto_tetris\release\auto_tetris.ipdb
d:\vs2022\auto_tetris\release\auto_tetris.iobj
d:\vs2022\auto_tetris\release\auto_tetris.tlog\cl.command.1.tlog
d:\vs2022\auto_tetris\release\auto_tetris.tlog\cl.items.tlog
d:\vs2022\auto_tetris\release\auto_tetris.tlog\cl.read.1.tlog
d:\vs2022\auto_tetris\release\auto_tetris.tlog\cl.write.1.tlog
d:\vs2022\auto_tetris\release\auto_tetris.tlog\link.command.1.tlog
d:\vs2022\auto_tetris\release\auto_tetris.tlog\link.read.1.tlog
d:\vs2022\auto_tetris\release\auto_tetris.tlog\link.secondary.1.tlog
d:\vs2022\auto_tetris\release\auto_tetris.tlog\link.write.1.tlog
d:\vs2022\auto_tetris\release\auto_tetris.tlog\rc.command.1.tlog
d:\vs2022\auto_tetris\release\auto_tetris.tlog\rc.read.1.tlog
d:\vs2022\auto_tetris\release\auto_tetris.tlog\rc.write.1.tlog
